have_library: checking for main() in -lcups... -------------------- yes

"gcc -o conftest -I/usr/include/ruby19-1.9.1/i386-darwin9.6.0 -I/usr/include/ruby19-1.9.1/ruby/backward -I/usr/include/ruby19-1.9.1 -I.  -D_XOPEN_SOURCE -D_DARWIN_C_SOURCE    -O2 -g -Wall -Wno-parentheses  -fno-common -pipe -fno-common conftest.c  -L. -L/usr/lib -L. -L/usr/local/lib     -lruby19-static  -lpthread -ldl -lobjc  "
checked program was:
/* begin */
1: #include "ruby.h"
2: 
3: int main() {return 0;}
/* end */

"gcc -o conftest -I/usr/include/ruby19-1.9.1/i386-darwin9.6.0 -I/usr/include/ruby19-1.9.1/ruby/backward -I/usr/include/ruby19-1.9.1 -I.  -D_XOPEN_SOURCE -D_DARWIN_C_SOURCE    -O2 -g -Wall -Wno-parentheses  -fno-common -pipe -fno-common conftest.c  -L. -L/usr/lib -L. -L/usr/local/lib     -lruby19-static -lcups  -lpthread -ldl -lobjc  "
checked program was:
/* begin */
1: #include "ruby.h"
2: 
3: /*top*/
4: int main() {return 0;}
5: int t() { void ((*volatile p)()); p = (void ((*)()))main; return 0; }
/* end */

--------------------

find_executable: checking for cups-config... -------------------- yes

--------------------

